  Main.cpp
C:\Program Files (x86)\Windows Kits\10\Include\10.0.22621.0\um\winsock.h(301,9): warning C4005: 'INADDR_ANY': macro redefinition
  (compiling source file '../src/Main.cpp')
      E:\Uni work\Multiplayer Games Development\CI628\libs\SDL2_net\include\SDL_net.h(102,9):
      see previous definition of 'INADDR_ANY'
  
C:\Program Files (x86)\Windows Kits\10\Include\10.0.22621.0\um\winsock.h(303,9): warning C4005: 'INADDR_BROADCAST': macro redefinition
  (compiling source file '../src/Main.cpp')
      E:\Uni work\Multiplayer Games Development\CI628\libs\SDL2_net\include\SDL_net.h(111,9):
      see previous definition of 'INADDR_BROADCAST'
  
C:\Program Files (x86)\Windows Kits\10\Include\10.0.22621.0\um\winsock.h(304,9): warning C4005: 'INADDR_NONE': macro redefinition
  (compiling source file '../src/Main.cpp')
      E:\Uni work\Multiplayer Games Development\CI628\libs\SDL2_net\include\SDL_net.h(105,9):
      see previous definition of 'INADDR_NONE'
  
E:\Uni work\Multiplayer Games Development\CI628\src\Main.cpp(59,25): warning C4996: 'strtok': This function or variable may be unsafe. Consider using strtok_s instead. To disable deprecation, use _CRT_SECURE_NO_WARNINGS. See online help for details.
E:\Uni work\Multiplayer Games Development\CI628\src\Main.cpp(68,23): warning C4996: 'strtok': This function or variable may be unsafe. Consider using strtok_s instead. To disable deprecation, use _CRT_SECURE_NO_WARNINGS. See online help for details.
E:\Uni work\Multiplayer Games Development\CI628\src\Main.cpp(127,72): warning C4267: 'argument': conversion from 'size_t' to 'int', possible loss of data
E:\Uni work\Multiplayer Games Development\CI628\src\Main.cpp(113,14): warning C4101: 'message': unreferenced local variable
E:\Uni work\Multiplayer Games Development\CI628\src\Main.cpp(267,18): warning C4267: 'initializing': conversion from 'size_t' to 'int', possible loss of data
E:\Uni work\Multiplayer Games Development\CI628\src\Main.cpp(268,20): warning C4267: 'initializing': conversion from 'size_t' to 'int', possible loss of data
E:\Uni work\Multiplayer Games Development\CI628\src\Main.cpp(291,39): warning C4267: '+=': conversion from 'size_t' to 'int', possible loss of data
E:\Uni work\Multiplayer Games Development\CI628\src\Main.cpp(295,41): warning C4267: '+=': conversion from 'size_t' to 'int', possible loss of data
E:\Uni work\Multiplayer Games Development\CI628\src\Main.cpp(290,21): warning C4996: 'strcat': This function or variable may be unsafe. Consider using strcat_s instead. To disable deprecation, use _CRT_SECURE_NO_WARNINGS. See online help for details.
E:\Uni work\Multiplayer Games Development\CI628\src\Main.cpp(294,21): warning C4996: 'strcat': This function or variable may be unsafe. Consider using strcat_s instead. To disable deprecation, use _CRT_SECURE_NO_WARNINGS. See online help for details.
  MyGame.vcxproj -> E:\Uni work\Multiplayer Games Development\CI628\build\Debug\MyGame.exe
